{
  "RSpec": {
    "coverage": {
      "/Users/pragmaticivan/Copy/Ivan/Sites/Ivan/contribution/RubyCastsBrasil/app/models/ability.rb": [
        1,
        1,
        null,
        1,
        1,
        0,
        null,
        null,
        1,
        1,
        1,
        null,
        null,
        null,
        null
      ],
      "/Users/pragmaticivan/Copy/Ivan/Sites/Ivan/contribution/RubyCastsBrasil/app/models/authorization.rb": [
        1,
        1,
        null,
        1,
        4,
        null,
        null,
        null,
        null,
        1,
        8,
        null,
        null,
        1,
        8,
        null,
        null,
        1,
        5,
        5,
        null,
        null,
        1,
        5,
        5,
        null,
        null,
        1,
        5,
        null,
        null
      ],
      "/Users/pragmaticivan/Copy/Ivan/Sites/Ivan/contribution/RubyCastsBrasil/app/models/authorization/associate.rb": [
        1,
        1,
        1,
        null,
        1,
        14,
        null,
        null,
        1,
        9,
        null,
        null,
        2,
        null,
        1,
        null,
        5,
        null,
        9,
        null,
        null,
        null
      ],
      "/Users/pragmaticivan/Copy/Ivan/Sites/Ivan/contribution/RubyCastsBrasil/app/models/authorization/attributes.rb": [
        1,
        1,
        1,
        null,
        1,
        13,
        null,
        null,
        1,
        8,
        8,
        8,
        8,
        null,
        null,
        null
      ],
      "/Users/pragmaticivan/Copy/Ivan/Sites/Ivan/contribution/RubyCastsBrasil/app/models/authorization/oauth.rb": [
        1,
        1,
        1,
        8,
        8,
        8,
        8,
        8,
        null,
        null,
        null
      ],
      "/Users/pragmaticivan/Copy/Ivan/Sites/Ivan/contribution/RubyCastsBrasil/app/models/user/attributes.rb": [
        1,
        1,
        1,
        null,
        1,
        14,
        null,
        null,
        1,
        9,
        9,
        9,
        9,
        9,
        null,
        null,
        null
      ],
      "/Users/pragmaticivan/Copy/Ivan/Sites/Ivan/contribution/RubyCastsBrasil/app/controllers/application_controller.rb": [
        1,
        1,
        1,
        null,
        null,
        null,
        1,
        null,
        1,
        null,
        1,
        null,
        1,
        10,
        4,
        null,
        null
      ],
      "/Users/pragmaticivan/Copy/Ivan/Sites/Ivan/contribution/RubyCastsBrasil/app/responders/application_responder.rb": [
        1,
        1,
        1,
        1,
        null
      ],
      "/Users/pragmaticivan/Copy/Ivan/Sites/Ivan/contribution/RubyCastsBrasil/app/controllers/users/omniauth_callbacks_controller.rb": [
        1,
        1,
        1,
        1,
        null,
        1,
        4,
        4,
        4,
        null,
        null,
        1,
        4,
        null,
        null,
        null
      ],
      "/Users/pragmaticivan/Copy/Ivan/Sites/Ivan/contribution/RubyCastsBrasil/app/responders/oauth_responder.rb": [
        1,
        1,
        4,
        null,
        null,
        1,
        4,
        null,
        null
      ],
      "/Users/pragmaticivan/Copy/Ivan/Sites/Ivan/contribution/RubyCastsBrasil/app/controllers/root_controller.rb": [
        1,
        1,
        null,
        null
      ]
    },
    "timestamp": 1405718986
  }
}
